  GroupProject.cpp
  lineType.cpp
C:\Users\Juan\source\repos\211GroupProject\CSC211GroupProject\GroupProject.cpp(38,61): error C2039: 'equalToEachOther': is not a member of 'lineType'
      C:\Users\Juan\source\repos\211GroupProject\CSC211GroupProject\lineType.h(7,7):
      see declaration of 'lineType'
  
C:\Users\Juan\source\repos\211GroupProject\CSC211GroupProject\GroupProject.cpp(39,69): error C2039: 'isParallel': is not a member of 'lineType'
      C:\Users\Juan\source\repos\211GroupProject\CSC211GroupProject\lineType.h(7,7):
      see declaration of 'lineType'
  
C:\Users\Juan\source\repos\211GroupProject\CSC211GroupProject\GroupProject.cpp(47,12): error C2039: 'intersectionPoints': is not a member of 'lineType'
      C:\Users\Juan\source\repos\211GroupProject\CSC211GroupProject\lineType.h(7,7):
      see declaration of 'lineType'
  
C:\Users\Juan\source\repos\211GroupProject\CSC211GroupProject\GroupProject.cpp(47,46): error C2039: 'intersectionPoints': is not a member of 'lineType'
      C:\Users\Juan\source\repos\211GroupProject\CSC211GroupProject\lineType.h(7,7):
      see declaration of 'lineType'
  
C:\Users\Juan\source\repos\211GroupProject\CSC211GroupProject\GroupProject.cpp(83,13): error C2039: 'intersectionPointsFromFile': is not a member of 'lineType'
      C:\Users\Juan\source\repos\211GroupProject\CSC211GroupProject\lineType.h(7,7):
      see declaration of 'lineType'
  
C:\Users\Juan\source\repos\211GroupProject\CSC211GroupProject\GroupProject.cpp(89,13): error C2039: 'intersectionPointsFromFile': is not a member of 'lineType'
      C:\Users\Juan\source\repos\211GroupProject\CSC211GroupProject\lineType.h(7,7):
      see declaration of 'lineType'
  
C:\Users\Juan\source\repos\211GroupProject\CSC211GroupProject\GroupProject.cpp(95,13): error C2039: 'intersectionPointsFromFile': is not a member of 'lineType'
      C:\Users\Juan\source\repos\211GroupProject\CSC211GroupProject\lineType.h(7,7):
      see declaration of 'lineType'
  
C:\Users\Juan\source\repos\211GroupProject\CSC211GroupProject\GroupProject.cpp(101,13): error C2039: 'intersectionPointsFromFile': is not a member of 'lineType'
      C:\Users\Juan\source\repos\211GroupProject\CSC211GroupProject\lineType.h(7,7):
      see declaration of 'lineType'
  
C:\Users\Juan\source\repos\211GroupProject\CSC211GroupProject\GroupProject.cpp(108,13): error C2039: 'intersectionPointsFromFile': is not a member of 'lineType'
      C:\Users\Juan\source\repos\211GroupProject\CSC211GroupProject\lineType.h(7,7):
      see declaration of 'lineType'
  
C:\Users\Juan\source\repos\211GroupProject\CSC211GroupProject\GroupProject.cpp(114,13): error C2039: 'intersectionPointsFromFile': is not a member of 'lineType'
      C:\Users\Juan\source\repos\211GroupProject\CSC211GroupProject\lineType.h(7,7):
      see declaration of 'lineType'
  
C:\Users\Juan\source\repos\211GroupProject\CSC211GroupProject\GroupProject.cpp(223,14): error C2039: 'isParallel': is not a member of 'lineType'
      C:\Users\Juan\source\repos\211GroupProject\CSC211GroupProject\lineType.h(7,7):
      see declaration of 'lineType'
  
C:\Users\Juan\source\repos\211GroupProject\CSC211GroupProject\GroupProject.cpp(223,39): error C2039: 'isParallel': is not a member of 'lineType'
      C:\Users\Juan\source\repos\211GroupProject\CSC211GroupProject\lineType.h(7,7):
      see declaration of 'lineType'
  
C:\Users\Juan\source\repos\211GroupProject\CSC211GroupProject\GroupProject.cpp(228,20): error C2039: 'isParallel': is not a member of 'lineType'
      C:\Users\Juan\source\repos\211GroupProject\CSC211GroupProject\lineType.h(7,7):
      see declaration of 'lineType'
  
C:\Users\Juan\source\repos\211GroupProject\CSC211GroupProject\GroupProject.cpp(229,20): error C2039: 'isParallel': is not a member of 'lineType'
      C:\Users\Juan\source\repos\211GroupProject\CSC211GroupProject\lineType.h(7,7):
      see declaration of 'lineType'
  
C:\Users\Juan\source\repos\211GroupProject\CSC211GroupProject\GroupProject.cpp(235,57): error C2039: 'isPerpendicular': is not a member of 'lineType'
      C:\Users\Juan\source\repos\211GroupProject\CSC211GroupProject\lineType.h(7,7):
      see declaration of 'lineType'
  
C:\Users\Juan\source\repos\211GroupProject\CSC211GroupProject\lineType.cpp(174,11): error C2065: 'm1': undeclared identifier
C:\Users\Juan\source\repos\211GroupProject\CSC211GroupProject\lineType.cpp(174,44): error C2065: 'm1': undeclared identifier
C:\Users\Juan\source\repos\211GroupProject\CSC211GroupProject\lineType.cpp(178,12): error C2065: 'm1': undeclared identifier
C:\Users\Juan\source\repos\211GroupProject\CSC211GroupProject\lineType.cpp(179,10): error C2065: 'x1': undeclared identifier
C:\Users\Juan\source\repos\211GroupProject\CSC211GroupProject\lineType.cpp(184,10): error C2065: 'm1': undeclared identifier
C:\Users\Juan\source\repos\211GroupProject\CSC211GroupProject\lineType.cpp(184,22): error C2065: 'b1': undeclared identifier
C:\Users\Juan\source\repos\211GroupProject\CSC211GroupProject\lineType.cpp(187,20): error C2065: 'b1': undeclared identifier
C:\Users\Juan\source\repos\211GroupProject\CSC211GroupProject\lineType.cpp(187,27): error C2065: 'm1': undeclared identifier
C:\Users\Juan\source\repos\211GroupProject\CSC211GroupProject\lineType.cpp(188,10): error C2065: 'm1': undeclared identifier
C:\Users\Juan\source\repos\211GroupProject\CSC211GroupProject\lineType.cpp(188,22): error C2065: 'b1': undeclared identifier
  Generating Code...
